build/app/outputs/mapping/release/seeds.txt
com.example.tentwenty_test.MainActivity
com.example.tentwenty_test.MainActivity: MainActivity()
...
androidx.core.content.FileProvider: androidx.core.content.FileProvider$PathStrategy mLocalPathStrategy
com.pichillilorenzo.flutter_inappwebview_android.R$styleable: int[] StateListDrawable
com.pichillilorenzo.flutter_inappwebview_android.R$id: int icon
com.pichillilorenzo.flutter_inappwebview_android.InAppWebViewFlutterPlugin: java.lang.String LOG_TAG
io.flutter.embedding.engine.renderer.FlutterRenderer$ImageReaderSurfaceProducer: io.flutter.embedding.engine.renderer.FlutterRenderer this$0
kotlinx.coroutines.JobSupport$Finishing: int _isCompleting
com.pichillilorenzo.flutter_inappwebview_android.R$styleable: int AppCompatTheme_actionBarPopupTheme
com.pichillilorenzo.flutter_inappwebview_android.R$style: int TextAppearance_AppCompat_Widget_Button_Borderless_Colored
androidx.swiperefreshlayout.widget.SwipeRefreshLayout: float MAX_PROGRESS_ANGLE
com.pichillilorenzo.flutter_inappwebview_android.R$dimen: int abc_text_size_small_material
com.pichillilorenzo.flutter_inappwebview_android.webview.in_app_webview.InAppWebViewSettings: java.lang.Boolean thirdPartyCookiesEnabled
com.pichillilorenzo.flutter_inappwebview_android.R$attr: int fontProviderQuery
com.pichillilorenzo.flutter_inappwebview_android.R$styleable: int GradientColor_android_endColor
com.pichillilorenzo.flutter_inappwebview_android.webview.in_app_webview.InAppWebView: com.pichillilorenzo.flutter_inappwebview_android.webview.WebViewChannelDelegate channelDelegate
com.pichillilorenzo.flutter_inappwebview_android.R$styleable: int AppCompatTheme_editTextBackground
com.pichillilorenzo.flutter_inappwebview_android.R$styleable: int AppCompatTheme_dropdownListPreferredItemHeight
androidx.fragment.app.BackStackRecordState: android.os.Parcelable$Creator CREATOR
com.pichillilorenzo.flutter_inappwebview_android.R$color: int material_blue_grey_950
com.pichillilorenzo.flutter_inappwebview_android.R$dimen: int notification_content_margin_start
com.pichillilorenzo.flutter_inappwebview_android.R$layout: int abc_alert_dialog_material
androidx.lifecycle.Lifecycle$Event: androidx.lifecycle.Lifecycle$Event[] $VALUES
com.pichillilorenzo.flutter_inappwebview_android.R$styleable: int View_android_theme
com.pichillilorenzo.flutter_inappwebview_android.R$styleable: int GradientColor_android_startX
com.pichillilorenzo.flutter_inappwebview_android.R$attr: int panelBackground
com.pichillilorenzo.flutter_inappwebview_android.R$styleable: int AppCompatTheme_dividerHorizontal
com.pichillilorenzo.flutter_inappwebview_android.R$styleable: int AppCompatTheme_toolbarStyle
com.pichillilorenzo.flutter_inappwebview_android.webview.in_app_webview.InAppWebViewClientCompat$4: android.webkit.ClientCertRequest val$request
com.pichillilorenzo.flutter_inappwebview_android.webview.WebViewChannelDelegate$2: io.flutter.plugin.common.MethodChannel$Result val$result
com.pichillilorenzo.flutter_inappwebview_android.R$style: int Base_Widget_AppCompat_ListView_DropDown
com.pichillilorenzo.flutter_inappwebview_android.webview.in_app_webview.InAppWebViewSettings: java.lang.Integer defaultFontSize
com.pichillilorenzo.flutter_inappwebview_android.R$id: int scrollView
com.pichillilorenzo.flutter_inappwebview_android.R$anim: int abc_tooltip_enter
com.pichillilorenzo.flutter_inappwebview_android.webview.web_message.WebMessageChannel: java.lang.String METHOD_CHANNEL_NAME_PREFIX
com.pichillilorenzo.flutter_inappwebview_android.webview.WebViewChannelDelegateMethods: com.pichillilorenzo.flutter_inappwebview_android.webview.WebViewChannelDelegateMethods getOriginalUrl
com.pichillilorenzo.flutter_inappwebview_android.R$id: int src_in
com.pichillilorenzo.flutter_inappwebview_android.R$style: int Widget_AppCompat_ButtonBar_AlertDialog
com.pichillilorenzo.flutter_inappwebview_android.R$id: int activity_chooser_view_content
com.pichillilorenzo.flutter_inappwebview_android.R$id: int icon_group
androidx.core.content.FileProvider: java.lang.String mAuthority
com.pichillilorenzo.flutter_inappwebview_android.R$attr: int autoCompleteTextViewStyle