build/app/outputs/mapping/release/mapping.txt
# compiler: R8
# compiler_version: 3.3.70
# min_api: 21
# common_typos_disable
# {"id":"com.android.tools.r8.mapping","version":"2.0"}
# pg_map_id: 8c64faf
# pg_map_hash: SHA-256 8c64fafa96cca6742529816a1da53140b15389fcabc6c902de19212b798799c5
...
kotlinx.coroutines.EventLoopImplBase$DelayedTask -> n2.u0$a:
    long nanoTime -> e
    int index -> f
    void setHeap(kotlinx.coroutines.internal.ThreadSafeHeap) -> a
    kotlinx.coroutines.internal.ThreadSafeHeap getHeap() -> b
    int compareTo(kotlinx.coroutines.EventLoopImplBase$DelayedTask) -> c
    int scheduleTask(long,kotlinx.coroutines.EventLoopImplBase$DelayedTaskQueue,kotlinx.coroutines.EventLoopImplBase) -> d
    boolean timeToExecute(long) -> e
kotlinx.coroutines.EventLoopImplBase$DelayedTaskQueue -> n2.u0$b:
    long timeNow -> c
kotlinx.coroutines.EventLoopImplPlatform -> n2.v0:
    java.lang.Thread getThread() -> G
    void reschedule(long,kotlinx.coroutines.EventLoopImplBase$DelayedTask) -> H
    void unpark() -> I
kotlinx.coroutines.EventLoopKt -> n2.w0:
    kotlinx.coroutines.EventLoop createEventLoop() -> a
kotlinx.coroutines.EventLoop_commonKt -> n2.x0:
    kotlinx.coroutines.internal.Symbol DISPOSED_TASK -> a
    kotlinx.coroutines.internal.Symbol CLOSED_EMPTY -> b
    kotlinx.coroutines.internal.Symbol access$getCLOSED_EMPTY$p() -> a
    kotlinx.coroutines.internal.Symbol access$getDISPOSED_TASK$p() -> b
kotlinx.coroutines.ExceptionsKt -> n2.y0:
    java.util.concurrent.CancellationException CancellationException(java.lang.String,java.lang.Throwable) -> a
kotlinx.coroutines.ExecutorCoroutineDispatcher -> n2.z0:
    kotlinx.coroutines.ExecutorCoroutineDispatcher$Key Key -> g
kotlinx.coroutines.ExecutorCoroutineDispatcher$Key -> n2.z0$a:
kotlinx.coroutines.ExecutorCoroutineDispatcher$Key$1 -> n2.z0$a$a:
    kotlinx.coroutines.ExecutorCoroutineDispatcher$Key$1 INSTANCE -> f
    kotlinx.coroutines.ExecutorCoroutineDispatcher invoke(kotlin.coroutines.CoroutineContext$Element) -> a
    java.lang.Object invoke(java.lang.Object) -> f
kotlinx.coroutines.ExecutorCoroutineDispatcherImpl -> n2.a1:
    java.util.concurrent.Executor executor -> h
    void dispatch(kotlin.coroutines.CoroutineContext,java.lang.Runnable) -> i
    void cancelJobOnRejection(kotlin.coroutines.CoroutineContext,java.util.concurrent.RejectedExecutionException) -> n
    java.util.concurrent.Executor getExecutor() -> t
kotlinx.coroutines.ExecutorsKt -> n2.b1:
    kotlinx.coroutines.CoroutineDispatcher from(java.util.concurrent.Executor) -> a
kotlinx.coroutines.InactiveNodeList -> n2.c1:
    kotlinx.coroutines.NodeList list -> e
    boolean isActive() -> a
    kotlinx.coroutines.NodeList getList() -> h
kotlinx.coroutines.Incomplete -> n2.d1:
    boolean isActive() -> a
    kotlinx.coroutines.NodeList getList() -> h
kotlinx.coroutines.IncompleteStateBox -> n2.e1:
    kotlinx.coroutines.Incomplete state -> a
kotlinx.coroutines.InvokeOnCancelling -> n2.f1:
    kotlin.jvm.functions.Function1 handler -> i
    java.util.concurrent.atomic.AtomicIntegerFieldUpdater _invoked$FU -> j
    java.lang.Object invoke(java.lang.Object) -> f
    void invoke(java.lang.Throwable) -> w
kotlinx.coroutines.InvokeOnCompletion -> n2.g1:
    kotlin.jvm.functions.Function1 handler -> i
    java.lang.Object invoke(java.lang.Object) -> f
    void invoke(java.lang.Throwable) -> w
kotlinx.coroutines.Job -> n2.h1:
    kotlinx.coroutines.Job$Key Key -> b
    boolean isActive() -> a
    void cancel(java.util.concurrent.CancellationException) -> c
    kotlinx.coroutines.ChildHandle attachChild(kotlinx.coroutines.ChildJob) -> f
    java.util.concurrent.CancellationException getCancellationException() -> r
    kotlinx.coroutines.DisposableHandle invokeOnCompletion(boolean,boolean,kotlin.jvm.functions.Function1) -> u