build/app/outputs/mapping/release/usage.txt
com.example.tentwenty_test.BuildConfig
com.example.tentwenty_test.R$anim
com.example.tentwenty_test.R$animator
com.example.tentwenty_test.R$attr
com.example.tentwenty_test.R$bool
com.example.tentwenty_test.R$color
com.example.tentwenty_test.R$dimen
com.example.tentwenty_test.R$drawable
com.example.tentwenty_test.R$id
com.example.tentwenty_test.R$integer
com.example.tentwenty_test.R$interpolator
com.example.tentwenty_test.R$layout
com.example.tentwenty_test.R$menu
com.example.tentwenty_test.R$mipmap
com.example.tentwenty_test.R$string
com.example.tentwenty_test.R$style
com.example.tentwenty_test.R$styleable
com.example.tentwenty_test.R$xml
com.example.tentwenty_test.R
...
androidx.appcompat.app.ActionBar$Tab:
    public static final int INVALID_POSITION
    public abstract int getPosition()
    public abstract java.lang.Object getTag()
    public abstract androidx.appcompat.app.ActionBar$Tab setContentDescription(int)
    public abstract androidx.appcompat.app.ActionBar$Tab setContentDescription(java.lang.CharSequence)
    public abstract androidx.appcompat.app.ActionBar$Tab setCustomView(int)
    public abstract androidx.appcompat.app.ActionBar$Tab setCustomView(android.view.View)
    public abstract androidx.appcompat.app.ActionBar$Tab setIcon(int)
    public abstract androidx.appcompat.app.ActionBar$Tab setIcon(android.graphics.drawable.Drawable)
    public abstract androidx.appcompat.app.ActionBar$Tab setTabListener(androidx.appcompat.app.ActionBar$TabListener)
    public abstract androidx.appcompat.app.ActionBar$Tab setTag(java.lang.Object)
    public abstract androidx.appcompat.app.ActionBar$Tab setText(int)
    public abstract androidx.appcompat.app.ActionBar$Tab setText(java.lang.CharSequence)
androidx.appcompat.app.ActionBar$TabListener
androidx.appcompat.app.ActionBar:
    public static final int DISPLAY_HOME_AS_UP
    public static final int DISPLAY_SHOW_CUSTOM
    public static final int DISPLAY_SHOW_HOME
    public static final int DISPLAY_SHOW_TITLE
    public static final int DISPLAY_USE_LOGO
    public static final int NAVIGATION_MODE_LIST
    public static final int NAVIGATION_MODE_STANDARD
    public static final int NAVIGATION_MODE_TABS
    public abstract void addOnMenuVisibilityListener(androidx.appcompat.app.ActionBar$OnMenuVisibilityListener)
    public abstract void addTab(androidx.appcompat.app.ActionBar$Tab)
    public abstract void addTab(androidx.appcompat.app.ActionBar$Tab,int)
    public abstract void addTab(androidx.appcompat.app.ActionBar$Tab,int,boolean)
    public abstract void addTab(androidx.appcompat.app.ActionBar$Tab,boolean)
    public abstract android.view.View getCustomView()
    public float getElevation()
    public abstract int getHeight()
    public int getHideOffset()
    public abstract int getNavigationItemCount()
    public abstract int getNavigationMode()
    public abstract int getSelectedNavigationIndex()
    public abstract androidx.appcompat.app.ActionBar$Tab getSelectedTab()
    public abstract java.lang.CharSequence getSubtitle()
    public abstract androidx.appcompat.app.ActionBar$Tab getTabAt(int)
    public abstract int getTabCount()
    public abstract java.lang.CharSequence getTitle()
    public boolean isHideOnContentScrollEnabled()
androidx.appcompat.app.ActionBarDrawerToggle$1
androidx.appcompat.app.ActionBarDrawerToggle$Delegate:
    public abstract android.content.Context getActionBarThemedContext()
    public abstract android.graphics.drawable.Drawable getThemeUpIndicator()
    public abstract boolean isNavigationVisible()
    public abstract void setActionBarDescription(int)
    public abstract void setActionBarUpIndicator(android.graphics.drawable.Drawable,int)
androidx.appcompat.app.ActionBarDrawerToggle$DelegateProvider
androidx.appcompat.app.ActionBarDrawerToggle$FrameworkActionBarDelegate$Api18Impl
androidx.appcompat.app.ActionBarDrawerToggle$FrameworkActionBarDelegate
androidx.appcompat.app.ActionBarDrawerToggle$ToolbarCompatDelegate
androidx.appcompat.app.ActionBarDrawerToggle
androidx.appcompat.app.ActionBarDrawerToggleHoneycomb$SetIndicatorInfo
androidx.appcompat.app.ActionBarDrawerToggleHoneycomb
androidx.appcompat.app.AlertController$AlertParams:
    public boolean mForceInverseBackground
androidx.appcompat.app.AlertController$ButtonHandler:
    private static final int MSG_DISMISS_DIALOG
androidx.appcompat.app.AlertController$RecycleListView:
    public void <init>(android.content.Context)
androidx.appcompat.app.AlertController:
    public android.widget.Button getButton(int)
    public void setButtonPanelLayoutHint(int)